<?xml version="1.0" encoding="UTF-8"?>
<testsuite xmlns:xsi="http://www.w3.org/2001/XMLSchema-instance" xsi:noNamespaceSchemaLocation="https://maven.apache.org/surefire/maven-surefire-plugin/xsd/surefire-test-report.xsd" name="com.bdqn.config.TestConfigTest" time="5.98" tests="4" errors="0" skipped="0" failures="0">
  <properties>
    <property name="sun.desktop" value="windows"/>
    <property name="awt.toolkit" value="sun.awt.windows.WToolkit"/>
    <property name="file.encoding.pkg" value="sun.io"/>
    <property name="java.specification.version" value="1.8"/>
    <property name="sun.cpu.isalist" value="amd64"/>
    <property name="sun.jnu.encoding" value="GBK"/>
    <property name="java.class.path" value="F:\untitled\itripDemo\itripbiz\target\test-classes;F:\untitled\itripDemo\itripbiz\target\classes;F:\maven\repository\com\bdqn\itrip-dao\1.0-SNAPSHOT\itrip-dao-1.0-SNAPSHOT.jar;F:\maven\repository\com\bdqn\itrip-utils\1.0-SNAPSHOT\itrip-utils-1.0-SNAPSHOT.jar;F:\maven\repository\com\bdqn\itrip-beans\1.0-SNAPSHOT\itrip-beans-1.0-SNAPSHOT.jar;F:\maven\repository\org\springframework\boot\spring-boot-starter-aop\2.1.8.RELEASE\spring-boot-starter-aop-2.1.8.RELEASE.jar;F:\maven\repository\org\aspectj\aspectjweaver\1.9.4\aspectjweaver-1.9.4.jar;F:\maven\repository\org\springframework\boot\spring-boot-starter-data-redis\2.1.8.RELEASE\spring-boot-starter-data-redis-2.1.8.RELEASE.jar;F:\maven\repository\org\springframework\data\spring-data-redis\2.1.10.RELEASE\spring-data-redis-2.1.10.RELEASE.jar;F:\maven\repository\org\springframework\data\spring-data-keyvalue\2.1.10.RELEASE\spring-data-keyvalue-2.1.10.RELEASE.jar;F:\maven\repository\org\springframework\data\spring-data-commons\2.1.10.RELEASE\spring-data-commons-2.1.10.RELEASE.jar;F:\maven\repository\org\springframework\spring-tx\5.1.9.RELEASE\spring-tx-5.1.9.RELEASE.jar;F:\maven\repository\org\springframework\spring-oxm\5.1.9.RELEASE\spring-oxm-5.1.9.RELEASE.jar;F:\maven\repository\org\springframework\spring-context-support\5.1.9.RELEASE\spring-context-support-5.1.9.RELEASE.jar;F:\maven\repository\io\lettuce\lettuce-core\5.1.8.RELEASE\lettuce-core-5.1.8.RELEASE.jar;F:\maven\repository\io\netty\netty-common\4.1.39.Final\netty-common-4.1.39.Final.jar;F:\maven\repository\io\netty\netty-handler\4.1.39.Final\netty-handler-4.1.39.Final.jar;F:\maven\repository\io\netty\netty-buffer\4.1.39.Final\netty-buffer-4.1.39.Final.jar;F:\maven\repository\io\netty\netty-codec\4.1.39.Final\netty-codec-4.1.39.Final.jar;F:\maven\repository\io\netty\netty-transport\4.1.39.Final\netty-transport-4.1.39.Final.jar;F:\maven\repository\io\netty\netty-resolver\4.1.39.Final\netty-resolver-4.1.39.Final.jar;F:\maven\repository\io\projectreactor\reactor-core\3.2.12.RELEASE\reactor-core-3.2.12.RELEASE.jar;F:\maven\repository\org\reactivestreams\reactive-streams\1.0.3\reactive-streams-1.0.3.jar;F:\maven\repository\redis\clients\jedis\2.9.3\jedis-2.9.3.jar;F:\maven\repository\org\apache\commons\commons-pool2\2.6.2\commons-pool2-2.6.2.jar;F:\maven\repository\cz\mallat\uasparser\uasparser\0.6.0\uasparser-0.6.0.jar;F:\maven\repository\net\sourceforge\jregex\jregex\1.2_01\jregex-1.2_01.jar;F:\maven\repository\org\mybatis\generator\mybatis-generator-core\1.3.6\mybatis-generator-core-1.3.6.jar;F:\maven\repository\org\apache\tomcat\tomcat-jdbc\9.0.24\tomcat-jdbc-9.0.24.jar;F:\maven\repository\org\apache\tomcat\tomcat-juli\9.0.24\tomcat-juli-9.0.24.jar;F:\maven\repository\org\mybatis\spring\boot\mybatis-spring-boot-starter\1.3.1\mybatis-spring-boot-starter-1.3.1.jar;F:\maven\repository\org\springframework\boot\spring-boot-starter-jdbc\2.1.8.RELEASE\spring-boot-starter-jdbc-2.1.8.RELEASE.jar;F:\maven\repository\com\zaxxer\HikariCP\3.2.0\HikariCP-3.2.0.jar;F:\maven\repository\org\springframework\spring-jdbc\5.1.9.RELEASE\spring-jdbc-5.1.9.RELEASE.jar;F:\maven\repository\org\mybatis\spring\boot\mybatis-spring-boot-autoconfigure\1.3.1\mybatis-spring-boot-autoconfigure-1.3.1.jar;F:\maven\repository\org\mybatis\mybatis\3.4.5\mybatis-3.4.5.jar;F:\maven\repository\org\mybatis\mybatis-spring\1.3.1\mybatis-spring-1.3.1.jar;F:\maven\repository\org\springframework\boot\spring-boot-starter-web\2.1.8.RELEASE\spring-boot-starter-web-2.1.8.RELEASE.jar;F:\maven\repository\org\springframework\boot\spring-boot-starter\2.1.8.RELEASE\spring-boot-starter-2.1.8.RELEASE.jar;F:\maven\repository\org\springframework\boot\spring-boot\2.1.8.RELEASE\spring-boot-2.1.8.RELEASE.jar;F:\maven\repository\org\springframework\boot\spring-boot-autoconfigure\2.1.8.RELEASE\spring-boot-autoconfigure-2.1.8.RELEASE.jar;F:\maven\repository\org\springframework\boot\spring-boot-starter-logging\2.1.8.RELEASE\spring-boot-starter-logging-2.1.8.RELEASE.jar;F:\maven\repository\ch\qos\logback\logback-classic\1.2.3\logback-classic-1.2.3.jar;F:\maven\repository\ch\qos\logback\logback-core\1.2.3\logback-core-1.2.3.jar;F:\maven\repository\org\apache\logging\log4j\log4j-to-slf4j\2.11.2\log4j-to-slf4j-2.11.2.jar;F:\maven\repository\org\apache\logging\log4j\log4j-api\2.11.2\log4j-api-2.11.2.jar;F:\maven\repository\org\slf4j\jul-to-slf4j\1.7.28\jul-to-slf4j-1.7.28.jar;F:\maven\repository\javax\annotation\javax.annotation-api\1.3.2\javax.annotation-api-1.3.2.jar;F:\maven\repository\org\yaml\snakeyaml\1.23\snakeyaml-1.23.jar;F:\maven\repository\org\springframework\boot\spring-boot-starter-json\2.1.8.RELEASE\spring-boot-starter-json-2.1.8.RELEASE.jar;F:\maven\repository\com\fasterxml\jackson\core\jackson-databind\2.9.9.3\jackson-databind-2.9.9.3.jar;F:\maven\repository\com\fasterxml\jackson\core\jackson-core\2.9.9\jackson-core-2.9.9.jar;F:\maven\repository\com\fasterxml\jackson\datatype\jackson-datatype-jdk8\2.9.9\jackson-datatype-jdk8-2.9.9.jar;F:\maven\repository\com\fasterxml\jackson\datatype\jackson-datatype-jsr310\2.9.9\jackson-datatype-jsr310-2.9.9.jar;F:\maven\repository\com\fasterxml\jackson\module\jackson-module-parameter-names\2.9.9\jackson-module-parameter-names-2.9.9.jar;F:\maven\repository\org\springframework\boot\spring-boot-starter-tomcat\2.1.8.RELEASE\spring-boot-starter-tomcat-2.1.8.RELEASE.jar;F:\maven\repository\org\apache\tomcat\embed\tomcat-embed-core\9.0.24\tomcat-embed-core-9.0.24.jar;F:\maven\repository\org\apache\tomcat\embed\tomcat-embed-el\9.0.24\tomcat-embed-el-9.0.24.jar;F:\maven\repository\org\apache\tomcat\embed\tomcat-embed-websocket\9.0.24\tomcat-embed-websocket-9.0.24.jar;F:\maven\repository\org\hibernate\validator\hibernate-validator\6.0.17.Final\hibernate-validator-6.0.17.Final.jar;F:\maven\repository\javax\validation\validation-api\2.0.1.Final\validation-api-2.0.1.Final.jar;F:\maven\repository\org\jboss\logging\jboss-logging\3.3.3.Final\jboss-logging-3.3.3.Final.jar;F:\maven\repository\org\springframework\spring-web\5.1.9.RELEASE\spring-web-5.1.9.RELEASE.jar;F:\maven\repository\org\springframework\spring-beans\5.1.9.RELEASE\spring-beans-5.1.9.RELEASE.jar;F:\maven\repository\org\springframework\spring-webmvc\5.1.9.RELEASE\spring-webmvc-5.1.9.RELEASE.jar;F:\maven\repository\org\springframework\spring-aop\5.1.9.RELEASE\spring-aop-5.1.9.RELEASE.jar;F:\maven\repository\org\springframework\spring-context\5.1.9.RELEASE\spring-context-5.1.9.RELEASE.jar;F:\maven\repository\org\springframework\spring-expression\5.1.9.RELEASE\spring-expression-5.1.9.RELEASE.jar;F:\maven\repository\com\alibaba\druid\1.1.16\druid-1.1.16.jar;F:\maven\repository\org\springframework\boot\spring-boot-starter-thymeleaf\2.1.8.RELEASE\spring-boot-starter-thymeleaf-2.1.8.RELEASE.jar;F:\maven\repository\org\thymeleaf\thymeleaf-spring5\3.0.11.RELEASE\thymeleaf-spring5-3.0.11.RELEASE.jar;F:\maven\repository\org\thymeleaf\thymeleaf\3.0.11.RELEASE\thymeleaf-3.0.11.RELEASE.jar;F:\maven\repository\org\attoparser\attoparser\2.0.5.RELEASE\attoparser-2.0.5.RELEASE.jar;F:\maven\repository\org\unbescape\unbescape\1.1.6.RELEASE\unbescape-1.1.6.RELEASE.jar;F:\maven\repository\org\thymeleaf\extras\thymeleaf-extras-java8time\3.0.4.RELEASE\thymeleaf-extras-java8time-3.0.4.RELEASE.jar;F:\maven\repository\org\springframework\boot\spring-boot-starter-test\2.1.8.RELEASE\spring-boot-starter-test-2.1.8.RELEASE.jar;F:\maven\repository\org\springframework\boot\spring-boot-test\2.1.8.RELEASE\spring-boot-test-2.1.8.RELEASE.jar;F:\maven\repository\org\springframework\boot\spring-boot-test-autoconfigure\2.1.8.RELEASE\spring-boot-test-autoconfigure-2.1.8.RELEASE.jar;F:\maven\repository\com\jayway\jsonpath\json-path\2.4.0\json-path-2.4.0.jar;F:\maven\repository\net\minidev\json-smart\2.3\json-smart-2.3.jar;F:\maven\repository\net\minidev\accessors-smart\1.2\accessors-smart-1.2.jar;F:\maven\repository\org\ow2\asm\asm\5.0.4\asm-5.0.4.jar;F:\maven\repository\junit\junit\4.12\junit-4.12.jar;F:\maven\repository\org\assertj\assertj-core\3.11.1\assertj-core-3.11.1.jar;F:\maven\repository\org\mockito\mockito-core\2.23.4\mockito-core-2.23.4.jar;F:\maven\repository\net\bytebuddy\byte-buddy\1.9.16\byte-buddy-1.9.16.jar;F:\maven\repository\net\bytebuddy\byte-buddy-agent\1.9.16\byte-buddy-agent-1.9.16.jar;F:\maven\repository\org\objenesis\objenesis\2.6\objenesis-2.6.jar;F:\maven\repository\org\hamcrest\hamcrest-core\1.3\hamcrest-core-1.3.jar;F:\maven\repository\org\hamcrest\hamcrest-library\1.3\hamcrest-library-1.3.jar;F:\maven\repository\org\skyscreamer\jsonassert\1.5.0\jsonassert-1.5.0.jar;F:\maven\repository\com\vaadin\external\google\android-json\0.0.20131108.vaadin1\android-json-0.0.20131108.vaadin1.jar;F:\maven\repository\org\springframework\spring-core\5.1.9.RELEASE\spring-core-5.1.9.RELEASE.jar;F:\maven\repository\org\springframework\spring-jcl\5.1.9.RELEASE\spring-jcl-5.1.9.RELEASE.jar;F:\maven\repository\org\springframework\spring-test\5.1.9.RELEASE\spring-test-5.1.9.RELEASE.jar;F:\maven\repository\org\xmlunit\xmlunit-core\2.6.3\xmlunit-core-2.6.3.jar;F:\maven\repository\log4j\log4j\1.2.17\log4j-1.2.17.jar;F:\maven\repository\io\springfox\springfox-swagger2\2.6.1\springfox-swagger2-2.6.1.jar;F:\maven\repository\io\swagger\swagger-annotations\1.5.10\swagger-annotations-1.5.10.jar;F:\maven\repository\io\swagger\swagger-models\1.5.10\swagger-models-1.5.10.jar;F:\maven\repository\com\fasterxml\jackson\core\jackson-annotations\2.9.0\jackson-annotations-2.9.0.jar;F:\maven\repository\io\springfox\springfox-spi\2.6.1\springfox-spi-2.6.1.jar;F:\maven\repository\io\springfox\springfox-core\2.6.1\springfox-core-2.6.1.jar;F:\maven\repository\io\springfox\springfox-schema\2.6.1\springfox-schema-2.6.1.jar;F:\maven\repository\io\springfox\springfox-swagger-common\2.6.1\springfox-swagger-common-2.6.1.jar;F:\maven\repository\io\springfox\springfox-spring-web\2.6.1\springfox-spring-web-2.6.1.jar;F:\maven\repository\com\google\guava\guava\18.0\guava-18.0.jar;F:\maven\repository\com\fasterxml\classmate\1.4.0\classmate-1.4.0.jar;F:\maven\repository\org\slf4j\slf4j-api\1.7.28\slf4j-api-1.7.28.jar;F:\maven\repository\org\springframework\plugin\spring-plugin-core\1.2.0.RELEASE\spring-plugin-core-1.2.0.RELEASE.jar;F:\maven\repository\org\springframework\plugin\spring-plugin-metadata\1.2.0.RELEASE\spring-plugin-metadata-1.2.0.RELEASE.jar;F:\maven\repository\org\mapstruct\mapstruct\1.0.0.Final\mapstruct-1.0.0.Final.jar;F:\maven\repository\io\springfox\springfox-swagger-ui\2.6.1\springfox-swagger-ui-2.6.1.jar;F:\maven\repository\mysql\mysql-connector-java\5.1.47\mysql-connector-java-5.1.47.jar;F:\maven\repository\com\alibaba\fastjson\1.2.31\fastjson-1.2.31.jar;"/>
    <property name="java.vm.vendor" value="Oracle Corporation"/>
    <property name="sun.arch.data.model" value="64"/>
    <property name="user.variant" value=""/>
    <property name="java.vendor.url" value="http://java.oracle.com/"/>
    <property name="user.timezone" value="Asia/Shanghai"/>
    <property name="java.vm.specification.version" value="1.8"/>
    <property name="os.name" value="Windows 10"/>
    <property name="user.country" value="CN"/>
    <property name="sun.java.launcher" value="SUN_STANDARD"/>
    <property name="sun.boot.library.path" value="F:\program files\jdk1.8.0_144\jre\bin"/>
    <property name="sun.java.command" value="C:\Users\孙志斌\AppData\Local\Temp\surefire7922061879499031565\surefirebooter6918070942890736738.jar C:\Users\孙志斌\AppData\Local\Temp\surefire7922061879499031565 2019-09-27T12-16-16_617-jvmRun1 surefire8667401785141692539tmp surefire_03262720258218972996tmp"/>
    <property name="surefire.test.class.path" value="F:\untitled\itripDemo\itripbiz\target\test-classes;F:\untitled\itripDemo\itripbiz\target\classes;F:\maven\repository\com\bdqn\itrip-dao\1.0-SNAPSHOT\itrip-dao-1.0-SNAPSHOT.jar;F:\maven\repository\com\bdqn\itrip-utils\1.0-SNAPSHOT\itrip-utils-1.0-SNAPSHOT.jar;F:\maven\repository\com\bdqn\itrip-beans\1.0-SNAPSHOT\itrip-beans-1.0-SNAPSHOT.jar;F:\maven\repository\org\springframework\boot\spring-boot-starter-aop\2.1.8.RELEASE\spring-boot-starter-aop-2.1.8.RELEASE.jar;F:\maven\repository\org\aspectj\aspectjweaver\1.9.4\aspectjweaver-1.9.4.jar;F:\maven\repository\org\springframework\boot\spring-boot-starter-data-redis\2.1.8.RELEASE\spring-boot-starter-data-redis-2.1.8.RELEASE.jar;F:\maven\repository\org\springframework\data\spring-data-redis\2.1.10.RELEASE\spring-data-redis-2.1.10.RELEASE.jar;F:\maven\repository\org\springframework\data\spring-data-keyvalue\2.1.10.RELEASE\spring-data-keyvalue-2.1.10.RELEASE.jar;F:\maven\repository\org\springframework\data\spring-data-commons\2.1.10.RELEASE\spring-data-commons-2.1.10.RELEASE.jar;F:\maven\repository\org\springframework\spring-tx\5.1.9.RELEASE\spring-tx-5.1.9.RELEASE.jar;F:\maven\repository\org\springframework\spring-oxm\5.1.9.RELEASE\spring-oxm-5.1.9.RELEASE.jar;F:\maven\repository\org\springframework\spring-context-support\5.1.9.RELEASE\spring-context-support-5.1.9.RELEASE.jar;F:\maven\repository\io\lettuce\lettuce-core\5.1.8.RELEASE\lettuce-core-5.1.8.RELEASE.jar;F:\maven\repository\io\netty\netty-common\4.1.39.Final\netty-common-4.1.39.Final.jar;F:\maven\repository\io\netty\netty-handler\4.1.39.Final\netty-handler-4.1.39.Final.jar;F:\maven\repository\io\netty\netty-buffer\4.1.39.Final\netty-buffer-4.1.39.Final.jar;F:\maven\repository\io\netty\netty-codec\4.1.39.Final\netty-codec-4.1.39.Final.jar;F:\maven\repository\io\netty\netty-transport\4.1.39.Final\netty-transport-4.1.39.Final.jar;F:\maven\repository\io\netty\netty-resolver\4.1.39.Final\netty-resolver-4.1.39.Final.jar;F:\maven\repository\io\projectreactor\reactor-core\3.2.12.RELEASE\reactor-core-3.2.12.RELEASE.jar;F:\maven\repository\org\reactivestreams\reactive-streams\1.0.3\reactive-streams-1.0.3.jar;F:\maven\repository\redis\clients\jedis\2.9.3\jedis-2.9.3.jar;F:\maven\repository\org\apache\commons\commons-pool2\2.6.2\commons-pool2-2.6.2.jar;F:\maven\repository\cz\mallat\uasparser\uasparser\0.6.0\uasparser-0.6.0.jar;F:\maven\repository\net\sourceforge\jregex\jregex\1.2_01\jregex-1.2_01.jar;F:\maven\repository\org\mybatis\generator\mybatis-generator-core\1.3.6\mybatis-generator-core-1.3.6.jar;F:\maven\repository\org\apache\tomcat\tomcat-jdbc\9.0.24\tomcat-jdbc-9.0.24.jar;F:\maven\repository\org\apache\tomcat\tomcat-juli\9.0.24\tomcat-juli-9.0.24.jar;F:\maven\repository\org\mybatis\spring\boot\mybatis-spring-boot-starter\1.3.1\mybatis-spring-boot-starter-1.3.1.jar;F:\maven\repository\org\springframework\boot\spring-boot-starter-jdbc\2.1.8.RELEASE\spring-boot-starter-jdbc-2.1.8.RELEASE.jar;F:\maven\repository\com\zaxxer\HikariCP\3.2.0\HikariCP-3.2.0.jar;F:\maven\repository\org\springframework\spring-jdbc\5.1.9.RELEASE\spring-jdbc-5.1.9.RELEASE.jar;F:\maven\repository\org\mybatis\spring\boot\mybatis-spring-boot-autoconfigure\1.3.1\mybatis-spring-boot-autoconfigure-1.3.1.jar;F:\maven\repository\org\mybatis\mybatis\3.4.5\mybatis-3.4.5.jar;F:\maven\repository\org\mybatis\mybatis-spring\1.3.1\mybatis-spring-1.3.1.jar;F:\maven\repository\org\springframework\boot\spring-boot-starter-web\2.1.8.RELEASE\spring-boot-starter-web-2.1.8.RELEASE.jar;F:\maven\repository\org\springframework\boot\spring-boot-starter\2.1.8.RELEASE\spring-boot-starter-2.1.8.RELEASE.jar;F:\maven\repository\org\springframework\boot\spring-boot\2.1.8.RELEASE\spring-boot-2.1.8.RELEASE.jar;F:\maven\repository\org\springframework\boot\spring-boot-autoconfigure\2.1.8.RELEASE\spring-boot-autoconfigure-2.1.8.RELEASE.jar;F:\maven\repository\org\springframework\boot\spring-boot-starter-logging\2.1.8.RELEASE\spring-boot-starter-logging-2.1.8.RELEASE.jar;F:\maven\repository\ch\qos\logback\logback-classic\1.2.3\logback-classic-1.2.3.jar;F:\maven\repository\ch\qos\logback\logback-core\1.2.3\logback-core-1.2.3.jar;F:\maven\repository\org\apache\logging\log4j\log4j-to-slf4j\2.11.2\log4j-to-slf4j-2.11.2.jar;F:\maven\repository\org\apache\logging\log4j\log4j-api\2.11.2\log4j-api-2.11.2.jar;F:\maven\repository\org\slf4j\jul-to-slf4j\1.7.28\jul-to-slf4j-1.7.28.jar;F:\maven\repository\javax\annotation\javax.annotation-api\1.3.2\javax.annotation-api-1.3.2.jar;F:\maven\repository\org\yaml\snakeyaml\1.23\snakeyaml-1.23.jar;F:\maven\repository\org\springframework\boot\spring-boot-starter-json\2.1.8.RELEASE\spring-boot-starter-json-2.1.8.RELEASE.jar;F:\maven\repository\com\fasterxml\jackson\core\jackson-databind\2.9.9.3\jackson-databind-2.9.9.3.jar;F:\maven\repository\com\fasterxml\jackson\core\jackson-core\2.9.9\jackson-core-2.9.9.jar;F:\maven\repository\com\fasterxml\jackson\datatype\jackson-datatype-jdk8\2.9.9\jackson-datatype-jdk8-2.9.9.jar;F:\maven\repository\com\fasterxml\jackson\datatype\jackson-datatype-jsr310\2.9.9\jackson-datatype-jsr310-2.9.9.jar;F:\maven\repository\com\fasterxml\jackson\module\jackson-module-parameter-names\2.9.9\jackson-module-parameter-names-2.9.9.jar;F:\maven\repository\org\springframework\boot\spring-boot-starter-tomcat\2.1.8.RELEASE\spring-boot-starter-tomcat-2.1.8.RELEASE.jar;F:\maven\repository\org\apache\tomcat\embed\tomcat-embed-core\9.0.24\tomcat-embed-core-9.0.24.jar;F:\maven\repository\org\apache\tomcat\embed\tomcat-embed-el\9.0.24\tomcat-embed-el-9.0.24.jar;F:\maven\repository\org\apache\tomcat\embed\tomcat-embed-websocket\9.0.24\tomcat-embed-websocket-9.0.24.jar;F:\maven\repository\org\hibernate\validator\hibernate-validator\6.0.17.Final\hibernate-validator-6.0.17.Final.jar;F:\maven\repository\javax\validation\validation-api\2.0.1.Final\validation-api-2.0.1.Final.jar;F:\maven\repository\org\jboss\logging\jboss-logging\3.3.3.Final\jboss-logging-3.3.3.Final.jar;F:\maven\repository\org\springframework\spring-web\5.1.9.RELEASE\spring-web-5.1.9.RELEASE.jar;F:\maven\repository\org\springframework\spring-beans\5.1.9.RELEASE\spring-beans-5.1.9.RELEASE.jar;F:\maven\repository\org\springframework\spring-webmvc\5.1.9.RELEASE\spring-webmvc-5.1.9.RELEASE.jar;F:\maven\repository\org\springframework\spring-aop\5.1.9.RELEASE\spring-aop-5.1.9.RELEASE.jar;F:\maven\repository\org\springframework\spring-context\5.1.9.RELEASE\spring-context-5.1.9.RELEASE.jar;F:\maven\repository\org\springframework\spring-expression\5.1.9.RELEASE\spring-expression-5.1.9.RELEASE.jar;F:\maven\repository\com\alibaba\druid\1.1.16\druid-1.1.16.jar;F:\maven\repository\org\springframework\boot\spring-boot-starter-thymeleaf\2.1.8.RELEASE\spring-boot-starter-thymeleaf-2.1.8.RELEASE.jar;F:\maven\repository\org\thymeleaf\thymeleaf-spring5\3.0.11.RELEASE\thymeleaf-spring5-3.0.11.RELEASE.jar;F:\maven\repository\org\thymeleaf\thymeleaf\3.0.11.RELEASE\thymeleaf-3.0.11.RELEASE.jar;F:\maven\repository\org\attoparser\attoparser\2.0.5.RELEASE\attoparser-2.0.5.RELEASE.jar;F:\maven\repository\org\unbescape\unbescape\1.1.6.RELEASE\unbescape-1.1.6.RELEASE.jar;F:\maven\repository\org\thymeleaf\extras\thymeleaf-extras-java8time\3.0.4.RELEASE\thymeleaf-extras-java8time-3.0.4.RELEASE.jar;F:\maven\repository\org\springframework\boot\spring-boot-starter-test\2.1.8.RELEASE\spring-boot-starter-test-2.1.8.RELEASE.jar;F:\maven\repository\org\springframework\boot\spring-boot-test\2.1.8.RELEASE\spring-boot-test-2.1.8.RELEASE.jar;F:\maven\repository\org\springframework\boot\spring-boot-test-autoconfigure\2.1.8.RELEASE\spring-boot-test-autoconfigure-2.1.8.RELEASE.jar;F:\maven\repository\com\jayway\jsonpath\json-path\2.4.0\json-path-2.4.0.jar;F:\maven\repository\net\minidev\json-smart\2.3\json-smart-2.3.jar;F:\maven\repository\net\minidev\accessors-smart\1.2\accessors-smart-1.2.jar;F:\maven\repository\org\ow2\asm\asm\5.0.4\asm-5.0.4.jar;F:\maven\repository\junit\junit\4.12\junit-4.12.jar;F:\maven\repository\org\assertj\assertj-core\3.11.1\assertj-core-3.11.1.jar;F:\maven\repository\org\mockito\mockito-core\2.23.4\mockito-core-2.23.4.jar;F:\maven\repository\net\bytebuddy\byte-buddy\1.9.16\byte-buddy-1.9.16.jar;F:\maven\repository\net\bytebuddy\byte-buddy-agent\1.9.16\byte-buddy-agent-1.9.16.jar;F:\maven\repository\org\objenesis\objenesis\2.6\objenesis-2.6.jar;F:\maven\repository\org\hamcrest\hamcrest-core\1.3\hamcrest-core-1.3.jar;F:\maven\repository\org\hamcrest\hamcrest-library\1.3\hamcrest-library-1.3.jar;F:\maven\repository\org\skyscreamer\jsonassert\1.5.0\jsonassert-1.5.0.jar;F:\maven\repository\com\vaadin\external\google\android-json\0.0.20131108.vaadin1\android-json-0.0.20131108.vaadin1.jar;F:\maven\repository\org\springframework\spring-core\5.1.9.RELEASE\spring-core-5.1.9.RELEASE.jar;F:\maven\repository\org\springframework\spring-jcl\5.1.9.RELEASE\spring-jcl-5.1.9.RELEASE.jar;F:\maven\repository\org\springframework\spring-test\5.1.9.RELEASE\spring-test-5.1.9.RELEASE.jar;F:\maven\repository\org\xmlunit\xmlunit-core\2.6.3\xmlunit-core-2.6.3.jar;F:\maven\repository\log4j\log4j\1.2.17\log4j-1.2.17.jar;F:\maven\repository\io\springfox\springfox-swagger2\2.6.1\springfox-swagger2-2.6.1.jar;F:\maven\repository\io\swagger\swagger-annotations\1.5.10\swagger-annotations-1.5.10.jar;F:\maven\repository\io\swagger\swagger-models\1.5.10\swagger-models-1.5.10.jar;F:\maven\repository\com\fasterxml\jackson\core\jackson-annotations\2.9.0\jackson-annotations-2.9.0.jar;F:\maven\repository\io\springfox\springfox-spi\2.6.1\springfox-spi-2.6.1.jar;F:\maven\repository\io\springfox\springfox-core\2.6.1\springfox-core-2.6.1.jar;F:\maven\repository\io\springfox\springfox-schema\2.6.1\springfox-schema-2.6.1.jar;F:\maven\repository\io\springfox\springfox-swagger-common\2.6.1\springfox-swagger-common-2.6.1.jar;F:\maven\repository\io\springfox\springfox-spring-web\2.6.1\springfox-spring-web-2.6.1.jar;F:\maven\repository\com\google\guava\guava\18.0\guava-18.0.jar;F:\maven\repository\com\fasterxml\classmate\1.4.0\classmate-1.4.0.jar;F:\maven\repository\org\slf4j\slf4j-api\1.7.28\slf4j-api-1.7.28.jar;F:\maven\repository\org\springframework\plugin\spring-plugin-core\1.2.0.RELEASE\spring-plugin-core-1.2.0.RELEASE.jar;F:\maven\repository\org\springframework\plugin\spring-plugin-metadata\1.2.0.RELEASE\spring-plugin-metadata-1.2.0.RELEASE.jar;F:\maven\repository\org\mapstruct\mapstruct\1.0.0.Final\mapstruct-1.0.0.Final.jar;F:\maven\repository\io\springfox\springfox-swagger-ui\2.6.1\springfox-swagger-ui-2.6.1.jar;F:\maven\repository\mysql\mysql-connector-java\5.1.47\mysql-connector-java-5.1.47.jar;F:\maven\repository\com\alibaba\fastjson\1.2.31\fastjson-1.2.31.jar;"/>
    <property name="sun.cpu.endian" value="little"/>
    <property name="user.home" value="C:\Users\孙志斌"/>
    <property name="user.language" value="zh"/>
    <property name="java.specification.vendor" value="Oracle Corporation"/>
    <property name="java.home" value="F:\program files\jdk1.8.0_144\jre"/>
    <property name="basedir" value="F:\untitled\itripDemo\itripbiz"/>
    <property name="file.separator" value="\"/>
    <property name="line.separator" value="&#10;"/>
    <property name="java.vm.specification.vendor" value="Oracle Corporation"/>
    <property name="java.specification.name" value="Java Platform API Specification"/>
    <property name="java.awt.graphicsenv" value="sun.awt.Win32GraphicsEnvironment"/>
    <property name="surefire.real.class.path" value="C:\Users\孙志斌\AppData\Local\Temp\surefire7922061879499031565\surefirebooter6918070942890736738.jar"/>
    <property name="sun.boot.class.path" value="F:\program files\jdk1.8.0_144\jre\lib\resources.jar;F:\program files\jdk1.8.0_144\jre\lib\rt.jar;F:\program files\jdk1.8.0_144\jre\lib\sunrsasign.jar;F:\program files\jdk1.8.0_144\jre\lib\jsse.jar;F:\program files\jdk1.8.0_144\jre\lib\jce.jar;F:\program files\jdk1.8.0_144\jre\lib\charsets.jar;F:\program files\jdk1.8.0_144\jre\lib\jfr.jar;F:\program files\jdk1.8.0_144\jre\classes"/>
    <property name="user.script" value=""/>
    <property name="sun.management.compiler" value="HotSpot 64-Bit Tiered Compilers"/>
    <property name="java.runtime.version" value="1.8.0_144-b01"/>
    <property name="user.name" value="孙志斌"/>
    <property name="path.separator" value=";"/>
    <property name="os.version" value="10.0"/>
    <property name="java.endorsed.dirs" value="F:\program files\jdk1.8.0_144\jre\lib\endorsed"/>
    <property name="java.runtime.name" value="Java(TM) SE Runtime Environment"/>
    <property name="file.encoding" value="GBK"/>
    <property name="java.vm.name" value="Java HotSpot(TM) 64-Bit Server VM"/>
    <property name="localRepository" value="F:\maven\repository"/>
    <property name="java.vendor.url.bug" value="http://bugreport.sun.com/bugreport/"/>
    <property name="java.io.tmpdir" value="C:\Users\孙志斌\AppData\Local\Temp\"/>
    <property name="java.version" value="1.8.0_144"/>
    <property name="user.dir" value="F:\untitled\itripDemo\itripbiz"/>
    <property name="os.arch" value="amd64"/>
    <property name="java.vm.specification.name" value="Java Virtual Machine Specification"/>
    <property name="java.awt.printerjob" value="sun.awt.windows.WPrinterJob"/>
    <property name="sun.os.patch.level" value=""/>
    <property name="java.library.path" value="F:\program files\jdk1.8.0_144\jre\bin;C:\WINDOWS\Sun\Java\bin;C:\WINDOWS\system32;C:\WINDOWS;F:\program files\jdk1.8.0_144\bin;F:\program files\jdk1.8.0_144\jre\bin;E:\Program Files (x86)\MySQL\MySQL Server 5.5\bin;F:\工具文件\apache-tomcat-8.5.43\bin;C:\Program Files (x86)\Intel\Intel(R) Management Engine Components\DAL;F:\工具文件\apache-maven-3.6.0\bin;C:\Program Files\Intel\Intel(R) Management Engine Components\DAL;C:\WINDOWS\system32;C:\WINDOWS;C:\WINDOWS\System32\Wbem;C:\WINDOWS\System32\WindowsPowerShell\v1.0\;C:\WINDOWS\System32\OpenSSH\;F:\工具文件\Git\cmd;F:\gongjuwenjian\Redis-x64-3.2.100\;C:\Users\孙志斌\AppData\Local\Microsoft\WindowsApps;D:\Bandizip\;;F:\program files\IntelliJ IDEA 2019.1.3\bin;;."/>
    <property name="java.vm.info" value="mixed mode"/>
    <property name="java.vendor" value="Oracle Corporation"/>
    <property name="java.vm.version" value="25.144-b01"/>
    <property name="java.ext.dirs" value="F:\program files\jdk1.8.0_144\jre\lib\ext;C:\WINDOWS\Sun\Java\lib\ext"/>
    <property name="sun.io.unicode.encoding" value="UnicodeLittle"/>
    <property name="java.class.version" value="52.0"/>
  </properties>
  <testcase name="getAge" classname="com.bdqn.config.TestConfigTest" time="0.158"/>
  <testcase name="setAge" classname="com.bdqn.config.TestConfigTest" time="0.002"/>
  <testcase name="getName" classname="com.bdqn.config.TestConfigTest" time="0.002"/>
  <testcase name="setName" classname="com.bdqn.config.TestConfigTest" time="0.002"/>
</testsuite>